\BOOKMARK [1][-]{section.1}{\376\377\000I\000n\000t\000r\000o\000d\000u\000z\000i\000o\000n\000e}{}% 1
\BOOKMARK [2][-]{subsection.1.1}{\376\377\000A\000l\000g\000o\000r\000i\000t\000m\000o\000\040\000d\000i\000\040\000P\000r\000i\000m}{section.1}% 2
\BOOKMARK [2][-]{subsection.1.2}{\376\377\000A\000l\000g\000o\000r\000i\000t\000m\000o\000\040\000d\000i\000\040\000K\000r\000u\000s\000k\000a\000l}{section.1}% 3
\BOOKMARK [1][-]{section.2}{\376\377\000S\000c\000e\000l\000t\000e\000\040\000i\000m\000p\000l\000e\000m\000e\000n\000t\000a\000t\000i\000v\000e}{}% 4
\BOOKMARK [2][-]{subsection.2.1}{\376\377\000L\000i\000n\000g\000u\000a\000g\000g\000i\000o\000\040\000d\000i\000\040\000p\000r\000o\000g\000r\000a\000m\000m\000a\000z\000i\000o\000n\000e}{section.2}% 5
\BOOKMARK [2][-]{subsection.2.2}{\376\377\000S\000t\000r\000u\000t\000t\000u\000r\000e\000\040\000d\000a\000t\000i\000\040\000p\000e\000r\000\040\000a\000r\000c\000h\000i\000,\000\040\000v\000e\000r\000t\000i\000c\000i\000\040\000e\000\040\000g\000r\000a\000f\000i}{section.2}% 6
\BOOKMARK [3][-]{subsubsection.2.2.1}{\376\377\000A\000r\000c}{subsection.2.2}% 7
\BOOKMARK [3][-]{subsubsection.2.2.2}{\376\377\000V\000e\000r\000t\000e\000x}{subsection.2.2}% 8
\BOOKMARK [3][-]{subsubsection.2.2.3}{\376\377\000G\000r\000a\000p\000h}{subsection.2.2}% 9
\BOOKMARK [2][-]{subsection.2.3}{\376\377\000I\000m\000p\000l\000e\000m\000e\000n\000t\000a\000z\000i\000o\000n\000e\000\040\000d\000e\000l\000\040\000F\000i\000b\000o\000n\000a\000c\000c\000i\000\040\000H\000e\000a\000p}{section.2}% 10
\BOOKMARK [3][-]{subsubsection.2.3.1}{\376\377\000N\000o\000d\000e}{subsection.2.3}% 11
\BOOKMARK [3][-]{subsubsection.2.3.2}{\376\377\000F\000i\000b\000o\000n\000a\000c\000c\000i\000H\000e\000a\000p}{subsection.2.3}% 12
\BOOKMARK [2][-]{subsection.2.4}{\376\377\000I\000m\000p\000l\000e\000m\000e\000n\000t\000a\000z\000i\000o\000n\000e\000\040\000d\000e\000l\000\040\000M\000e\000r\000g\000e\000\040\000s\000o\000r\000t}{section.2}% 13
\BOOKMARK [2][-]{subsection.2.5}{\376\377\000I\000m\000p\000l\000e\000m\000e\000n\000t\000a\000z\000i\000o\000n\000e\000\040\000d\000e\000l\000\040\000D\000F\000S}{section.2}% 14
\BOOKMARK [2][-]{subsection.2.6}{\376\377\000I\000m\000p\000l\000e\000m\000e\000n\000t\000a\000z\000i\000o\000n\000e\000\040\000d\000e\000l\000l\000'\000U\000n\000i\000o\000n\000-\000f\000i\000n\000d}{section.2}% 15
\BOOKMARK [1][-]{section.3}{\376\377\000R\000i\000s\000u\000l\000t\000a\000t\000i\000\040\000o\000t\000t\000e\000n\000u\000t\000i}{}% 16
\BOOKMARK [2][-]{subsection.3.1}{\376\377\000D\000o\000m\000a\000n\000d\000a\000\040\0001\000\040\000-\000\040\000R\000i\000s\000u\000l\000t\000a\000t\000i}{section.3}% 17
\BOOKMARK [3][-]{subsubsection.3.1.1}{\376\377\000T\000a\000b\000e\000l\000l\000a\000\040\000r\000i\000s\000u\000l\000t\000a\000t\000i}{subsection.3.1}% 18
\BOOKMARK [3][-]{subsubsection.3.1.2}{\376\377\000R\000i\000s\000u\000l\000t\000a\000t\000o\000\040\000d\000i\000\040\000P\000r\000i\000m}{subsection.3.1}% 19
\BOOKMARK [3][-]{subsubsection.3.1.3}{\376\377\000R\000i\000s\000u\000l\000t\000a\000t\000o\000\040\000d\000i\000\040\000K\000r\000u\000s\000k\000a\000l\000\040\000N\000a\000i\000v\000e}{subsection.3.1}% 20
\BOOKMARK [3][-]{subsubsection.3.1.4}{\376\377\000R\000i\000s\000u\000l\000t\000a\000t\000o\000\040\000d\000i\000\040\000K\000r\000u\000s\000k\000a\000l\000\040\000c\000o\000n\000\040\000U\000n\000i\000o\000n\000-\000f\000i\000n\000d}{subsection.3.1}% 21
\BOOKMARK [2][-]{subsection.3.2}{\376\377\000D\000o\000m\000a\000n\000d\000a\000\040\0002\000\040\000-\000\040\000C\000o\000m\000p\000a\000r\000a\000z\000i\000o\000n\000e\000\040\000a\000l\000g\000o\000r\000i\000t\000m\000i}{section.3}% 22
\BOOKMARK [1][-]{section.4}{\376\377\000S\000c\000e\000l\000t\000e\000\040\000t\000e\000c\000n\000i\000c\000h\000e}{}% 23
\BOOKMARK [2][-]{subsection.4.1}{\376\377\000L\000i\000s\000t\000e\000\040\000d\000i\000\040\000a\000d\000i\000a\000c\000e\000n\000z\000a}{section.4}% 24
\BOOKMARK [2][-]{subsection.4.2}{\376\377\000S\000a\000l\000t\000o\000\040\000d\000e\000g\000l\000i\000\040\000a\000r\000c\000h\000i\000\040\000d\000i\000\040\000s\000e\000l\000f\000-\000l\000o\000o\000p}{section.4}% 25
\BOOKMARK [2][-]{subsection.4.3}{\376\377\000A\000n\000a\000l\000i\000s\000i\000\040\000d\000e\000l\000l\000e\000\040\000c\000o\000m\000p\000o\000n\000e\000n\000t\000i\000\040\000c\000o\000n\000n\000e\000s\000s\000e\000\040\000-\000\040\000D\000F\000S}{section.4}% 26
\BOOKMARK [1][-]{section.5}{\376\377\000V\000a\000l\000u\000t\000a\000z\000i\000o\000n\000e\000\040\000f\000i\000n\000a\000l\000e}{}% 27
